ApiDemos/build/intermediates/manifest_merge_blame_file/debug/manifest-merger-blame-debug-report.txt
1<?xml version="1.0" encoding="utf-8"?>
2<!--
3 Copyright (C) 2007 The Android Open Source Project
4
5     Licensed under the Apache License, Version 2.0 (the "License");
6     you may not use this file except in compliance with the License.
7     You may obtain a copy of the License at
8
9          http://www.apache.org/licenses/LICENSE-2.0
10
11     Unless required by applicable law or agreed to in writing, software
12     distributed under the License is distributed on an "AS IS" BASIS,
13     WITHOUT WARRANTIES OR CONDITIONS OF ANY KIND, either express or implied.
14     See the License for the specific language governing permissions and
15     limitations under the License.
16-->
17<!--
18 Declare the contents of this Android application.  The namespace
19     attribute brings in the Android platform namespace, and the package
20     supplies a unique name for the application.  When writing your
21     own application, the package name must be changed from "com.example.*"
22     to come from a domain that you own or have control over.
23-->
24<manifest xmlns:android="http://schemas.android.com/apk/res/android"
25    package="com.example.android.apis"
26    android:installLocation="auto" >
27
28    <uses-sdk
28-->src/main/AndroidManifest.xml:57:5-74
29        android:minSdkVersion="23"
29-->src/main/AndroidManifest.xml:57:15-41
30        android:targetSdkVersion="23" />
30-->src/main/AndroidManifest.xml:57:42-71
31
32    <uses-permission android:name="android.permission.READ_CONTACTS" />
32-->src/main/AndroidManifest.xml:26:5-72
32-->src/main/AndroidManifest.xml:26:22-69
33    <uses-permission android:name="android.permission.WRITE_CONTACTS" />
33-->src/main/AndroidManifest.xml:27:5-73
33-->src/main/AndroidManifest.xml:27:22-70
34    <uses-permission android:name="android.permission.VIBRATE" />
34-->src/main/AndroidManifest.xml:28:5-66
34-->src/main/AndroidManifest.xml:28:22-63
35    <uses-permission android:name="android.permission.ACCESS_COARSE_LOCATION" />
35-->src/main/AndroidManifest.xml:29:5-81
35-->src/main/AndroidManifest.xml:29:22-78
36    <uses-permission android:name="android.permission.INTERNET" />
36-->src/main/AndroidManifest.xml:30:5-67
36-->src/main/AndroidManifest.xml:30:22-64
37    <uses-permission android:name="android.permission.SET_WALLPAPER" />
37-->src/main/AndroidManifest.xml:31:5-72
37-->src/main/AndroidManifest.xml:31:22-69
38    <uses-permission android:name="android.permission.WRITE_EXTERNAL_STORAGE" />
38-->src/main/AndroidManifest.xml:32:5-81
38-->src/main/AndroidManifest.xml:32:22-78
39    <uses-permission android:name="android.permission.SEND_SMS" />
39-->src/main/AndroidManifest.xml:33:5-67
39-->src/main/AndroidManifest.xml:33:22-64
40    <uses-permission android:name="android.permission.RECEIVE_SMS" />
40-->src/main/AndroidManifest.xml:34:5-70
40-->src/main/AndroidManifest.xml:34:22-67
41    <uses-permission android:name="android.permission.RECEIVE_MMS" />
41-->src/main/AndroidManifest.xml:35:5-69
41-->src/main/AndroidManifest.xml:35:22-67
42    <uses-permission android:name="android.permission.WRITE_SMS" />
42-->src/main/AndroidManifest.xml:36:5-67
42-->src/main/AndroidManifest.xml:36:22-65
43    <uses-permission android:name="android.permission.READ_SMS" />
43-->src/main/AndroidManifest.xml:37:5-66
43-->src/main/AndroidManifest.xml:37:22-64
44    <uses-permission android:name="android.permission.NFC" />
44-->src/main/AndroidManifest.xml:38:5-62
44-->src/main/AndroidManifest.xml:38:22-59
45    <uses-permission android:name="android.permission.TRANSMIT_IR" />
45-->src/main/AndroidManifest.xml:39:5-70
45-->src/main/AndroidManifest.xml:39:22-67
46    <uses-permission android:name="android.permission.READ_PHONE_STATE" />
46-->src/main/AndroidManifest.xml:40:5-74
46-->src/main/AndroidManifest.xml:40:22-72
47    <uses-permission android:name="android.permission.WAKE_LOCK" />
47-->src/main/AndroidManifest.xml:41:5-67
47-->src/main/AndroidManifest.xml:41:22-65
48    <uses-permission android:name="android.permission.FOREGROUND_SERVICE" />
48-->src/main/AndroidManifest.xml:42:5-76
48-->src/main/AndroidManifest.xml:42:22-74
49    <uses-permission android:name="android.permission.REQUEST_INSTALL_PACKAGES" />
49-->src/main/AndroidManifest.xml:43:5-82
49-->src/main/AndroidManifest.xml:43:22-80
50    <uses-permission android:name="android.permission.REQUEST_DELETE_PACKAGES" />
50-->src/main/AndroidManifest.xml:44:5-81
50-->src/main/AndroidManifest.xml:44:22-79
51    <!-- Required for drawing overlay windows (TYPE_SYSTEM_ALERT, TYPE_APPLICATION_OVERLAY) -->
52    <uses-permission android:name="android.permission.SYSTEM_ALERT_WINDOW" />
52-->src/main/AndroidManifest.xml:46:5-77
52-->src/main/AndroidManifest.xml:46:22-75
53
54    <!-- For android.media.audiofx.Visualizer -->
55    <uses-permission android:name="android.permission.RECORD_AUDIO" />
55-->src/main/AndroidManifest.xml:49:5-71
55-->src/main/AndroidManifest.xml:49:22-68
56
57    <!--
58         We will request access to the camera, saying we require a camera
59         of some sort but not one with autofocus capability.
60    -->
61    <uses-permission android:name="android.permission.CAMERA" />
61-->src/main/AndroidManifest.xml:53:5-65
61-->src/main/AndroidManifest.xml:53:22-62
62
63    <uses-feature android:name="android.hardware.camera" />
63-->src/main/AndroidManifest.xml:54:5-60
63-->src/main/AndroidManifest.xml:54:19-57
64    <uses-feature
64-->src/main/AndroidManifest.xml:55:5-95
65        android:name="android.hardware.camera.autofocus"
65-->src/main/AndroidManifest.xml:55:19-67
66        android:required="false" />
66-->src/main/AndroidManifest.xml:55:68-92
67
68    <instrumentation
68-->src/main/AndroidManifest.xml:3292:5-3294:40
69        android:name=".app.LocalSampleInstrumentation"
69-->src/main/AndroidManifest.xml:3292:22-68
70        android:label="Local Sample"
70-->src/main/AndroidManifest.xml:3294:9-37
71        android:targetPackage="com.example.android.apis" />
71-->src/main/AndroidManifest.xml:3293:9-57
72
73    <application
73-->src/main/AndroidManifest.xml:59:5-3290:19
74        android:name="com.example.android.apis.ApiDemosApplication"
74-->src/main/AndroidManifest.xml:59:18-52
75        android:appComponentFactory="androidx.core.app.CoreComponentFactory"
75-->[androidx.core:core:1.3.0] AndroidManifest.xml:24:18-86
76        android:debuggable="true"
77        android:extractNativeLibs="false"
78        android:hardwareAccelerated="true"
78-->src/main/AndroidManifest.xml:62:13-47
79        android:icon="@drawable/app_sample_code"
79-->src/main/AndroidManifest.xml:61:13-53
80        android:label="@string/activity_sample_code"
80-->src/main/AndroidManifest.xml:60:13-57
81        android:supportsRtl="true"
81-->src/main/AndroidManifest.xml:63:13-39
82        android:testOnly="true"
83        android:theme="@android:style/Theme.Material.Light.DarkActionBar" >
83-->src/main/AndroidManifest.xml:64:13-78
84
85        <!--
86             This is how we can request a library but still allow the app
87             to be installed if it doesn't exist.
88        -->
89        <uses-library
89-->src/main/AndroidManifest.xml:68:9-94
90            android:name="com.example.will.never.exist"
90-->src/main/AndroidManifest.xml:68:23-66
91            android:required="false" />
91-->src/main/AndroidManifest.xml:68:67-91
92
93        <activity android:name="com.example.android.apis.ApiDemos" >
93-->src/main/AndroidManifest.xml:70:9-76:20
93-->src/main/AndroidManifest.xml:70:19-42
94            <intent-filter>
94-->src/main/AndroidManifest.xml:71:13-75:29
95                <action android:name="android.intent.action.MAIN" />
95-->src/main/AndroidManifest.xml:72:17-69
95-->src/main/AndroidManifest.xml:72:25-66
96
97                <category android:name="android.intent.category.DEFAULT" />
97-->src/main/AndroidManifest.xml:73:17-76
97-->src/main/AndroidManifest.xml:73:27-73
98                <category android:name="android.intent.category.LAUNCHER" />
98-->src/main/AndroidManifest.xml:74:17-77
98-->src/main/AndroidManifest.xml:74:27-74
99            </intent-filter>
100        </activity>
101
102        <!-- ************************************* -->
103        <!-- APPLICATION PACKAGE SAMPLES -->
104        <!-- ************************************* -->
105
106
107        <!-- Activity Samples -->
108
109        <activity
109-->src/main/AndroidManifest.xml:84:9-89:20
110            android:name="com.example.android.apis.app.HelloWorld"
110-->src/main/AndroidManifest.xml:84:19-49
111            android:label="@string/activity_hello_world" >
111-->src/main/AndroidManifest.xml:84:50-94
112            <intent-filter>
112-->src/main/AndroidManifest.xml:85:13-88:29
113                <action android:name="android.intent.action.MAIN" />
113-->src/main/AndroidManifest.xml:72:17-69
113-->src/main/AndroidManifest.xml:72:25-66
114
115                <category android:name="android.intent.category.SAMPLE_CODE" />
115-->src/main/AndroidManifest.xml:87:17-80
115-->src/main/AndroidManifest.xml:87:27-77
116            </intent-filter>
117        </activity>
118        <activity
118-->src/main/AndroidManifest.xml:91:9-98:20
119            android:name="com.example.android.apis.app.DialogActivity"
119-->src/main/AndroidManifest.xml:91:19-53
120            android:label="@string/activity_dialog"
120-->src/main/AndroidManifest.xml:92:17-56
121            android:theme="@style/ThemeCurrentDialog" >
121-->src/main/AndroidManifest.xml:93:17-58
122            <intent-filter>
122-->src/main/AndroidManifest.xml:85:13-88:29
123                <action android:name="android.intent.action.MAIN" />
123-->src/main/AndroidManifest.xml:72:17-69
123-->src/main/AndroidManifest.xml:72:25-66
124
125                <category android:name="android.intent.category.SAMPLE_CODE" />
125-->src/main/AndroidManifest.xml:87:17-80
125-->src/main/AndroidManifest.xml:87:27-77
126            </intent-filter>
127        </activity>
128        <activity
128-->src/main/AndroidManifest.xml:100:9-107:20
129            android:name="com.example.android.apis.app.CustomDialogActivity"
129-->src/main/AndroidManifest.xml:100:19-59
130            android:label="@string/activity_custom_dialog"
130-->src/main/AndroidManifest.xml:101:17-63
131            android:theme="@style/Theme.CustomDialog" >
131-->src/main/AndroidManifest.xml:102:17-58
132            <intent-filter>
132-->src/main/AndroidManifest.xml:85:13-88:29
133                <action android:name="android.intent.action.MAIN" />
133-->src/main/AndroidManifest.xml:72:17-69
133-->src/main/AndroidManifest.xml:72:25-66
134
135                <category android:name="android.intent.category.SAMPLE_CODE" />
135-->src/main/AndroidManifest.xml:87:17-80
135-->src/main/AndroidManifest.xml:87:27-77
136            </intent-filter>
137        </activity>
138        <activity
138-->src/main/AndroidManifest.xml:109:9-117:20
139            android:name="com.example.android.apis.app.OverscanActivity"
139-->src/main/AndroidManifest.xml:109:19-55
140            android:enabled="@bool/atLeastJellyBeanMR2"
140-->src/main/AndroidManifest.xml:112:17-60
141            android:label="@string/activity_overscan"
141-->src/main/AndroidManifest.xml:110:17-58
142            android:theme="@android:style/Theme.Holo.NoActionBar.Overscan" >
142-->src/main/AndroidManifest.xml:111:17-79
143            <intent-filter>
143-->src/main/AndroidManifest.xml:85:13-88:29
144                <action android:name="android.intent.action.MAIN" />
144-->src/main/AndroidManifest.xml:72:17-69
144-->src/main/AndroidManifest.xml:72:25-66
145
146                <category android:name="android.intent.category.SAMPLE_CODE" />
146-->src/main/AndroidManifest.xml:87:17-80
146-->src/main/AndroidManifest.xml:87:27-77
147            </intent-filter>
148        </activity>
149        <activity
149-->src/main/AndroidManifest.xml:119:8-125:20
150            android:name="com.example.android.apis.app.QuickContactsDemo"
150-->src/main/AndroidManifest.xml:119:18-55
151            android:label="@string/quick_contacts_demo" >
151-->src/main/AndroidManifest.xml:120:17-60
152            <intent-filter>
152-->src/main/AndroidManifest.xml:85:13-88:29
153                <action android:name="android.intent.action.MAIN" />
153-->src/main/AndroidManifest.xml:72:17-69
153-->src/main/AndroidManifest.xml:72:25-66
154
155                <category android:name="android.intent.category.SAMPLE_CODE" />
155-->src/main/AndroidManifest.xml:87:17-80
155-->src/main/AndroidManifest.xml:87:27-77
156            </intent-filter>
157        </activity>
158        <activity
158-->src/main/AndroidManifest.xml:127:9-134:20
159            android:name="com.example.android.apis.app.WallpaperActivity"
159-->src/main/AndroidManifest.xml:127:19-56
160            android:label="@string/activity_wallpaper"
160-->src/main/AndroidManifest.xml:128:17-59
161            android:theme="@style/Theme.Wallpaper" >
161-->src/main/AndroidManifest.xml:129:17-55
162            <intent-filter>
162-->src/main/AndroidManifest.xml:85:13-88:29
163                <action android:name="android.intent.action.MAIN" />
163-->src/main/AndroidManifest.xml:72:17-69
163-->src/main/AndroidManifest.xml:72:25-66
164
165                <category android:name="android.intent.category.SAMPLE_CODE" />
165-->src/main/AndroidManifest.xml:87:17-80
165-->src/main/AndroidManifest.xml:87:27-77
166            </intent-filter>
167        </activity>
168        <activity
168-->src/main/AndroidManifest.xml:136:9-143:20
169            android:name="com.example.android.apis.app.TranslucentActivity"
169-->src/main/AndroidManifest.xml:136:19-58
170            android:label="@string/activity_translucent"
170-->src/main/AndroidManifest.xml:137:17-61
171            android:theme="@style/Theme.Translucent" >
171-->src/main/AndroidManifest.xml:138:17-57
172            <intent-filter>
172-->src/main/AndroidManifest.xml:85:13-88:29
173                <action android:name="android.intent.action.MAIN" />
173-->src/main/AndroidManifest.xml:72:17-69
173-->src/main/AndroidManifest.xml:72:25-66
174
175                <category android:name="android.intent.category.SAMPLE_CODE" />
175-->src/main/AndroidManifest.xml:87:17-80
175-->src/main/AndroidManifest.xml:87:27-77
176            </intent-filter>
177        </activity>
178        <activity
178-->src/main/AndroidManifest.xml:145:9-152:20
179            android:name="com.example.android.apis.app.TranslucentBlurActivity"
179-->src/main/AndroidManifest.xml:145:19-62
180            android:label="@string/activity_translucent_blur"
180-->src/main/AndroidManifest.xml:146:17-66
181            android:theme="@style/Theme.Transparent" >
181-->src/main/AndroidManifest.xml:147:17-57
182            <intent-filter>
182-->src/main/AndroidManifest.xml:85:13-88:29
183                <action android:name="android.intent.action.MAIN" />
183-->src/main/AndroidManifest.xml:72:17-69
183-->src/main/AndroidManifest.xml:72:25-66
184
185                <category android:name="android.intent.category.SAMPLE_CODE" />
185-->src/main/AndroidManifest.xml:87:17-80
185-->src/main/AndroidManifest.xml:87:27-77
186            </intent-filter>
187        </activity>
188        <activity
188-->src/main/AndroidManifest.xml:154:9-159:20
189            android:name="com.example.android.apis.app.Animation"
189-->src/main/AndroidManifest.xml:154:19-48
190            android:label="@string/activity_animation" >
190-->src/main/AndroidManifest.xml:154:49-91
191            <intent-filter>
191-->src/main/AndroidManifest.xml:85:13-88:29
192                <action android:name="android.intent.action.MAIN" />
192-->src/main/AndroidManifest.xml:72:17-69
192-->src/main/AndroidManifest.xml:72:25-66
193
194                <category android:name="android.intent.category.SAMPLE_CODE" />
194-->src/main/AndroidManifest.xml:87:17-80
194-->src/main/AndroidManifest.xml:87:27-77
195            </intent-filter>
196        </activity>
197        <activity
197-->src/main/AndroidManifest.xml:161:9-168:20
198            android:name="com.example.android.apis.app.SaveRestoreState"
198-->src/main/AndroidManifest.xml:161:19-55
199            android:label="@string/activity_save_restore"
199-->src/main/AndroidManifest.xml:162:17-62
200            android:windowSoftInputMode="stateVisible|adjustResize" >
200-->src/main/AndroidManifest.xml:163:17-72
201            <intent-filter>
201-->src/main/AndroidManifest.xml:85:13-88:29
202                <action android:name="android.intent.action.MAIN" />
202-->src/main/AndroidManifest.xml:72:17-69
202-->src/main/AndroidManifest.xml:72:25-66
203
204                <category android:name="android.intent.category.SAMPLE_CODE" />
204-->src/main/AndroidManifest.xml:87:17-80
204-->src/main/AndroidManifest.xml:87:27-77
205            </intent-filter>
206        </activity>
207        <activity
207-->src/main/AndroidManifest.xml:170:9-177:20
208            android:name="com.example.android.apis.app.PersistentState"
208-->src/main/AndroidManifest.xml:170:19-54
209            android:label="@string/activity_persistent"
209-->src/main/AndroidManifest.xml:171:17-60
210            android:windowSoftInputMode="stateVisible|adjustResize" >
210-->src/main/AndroidManifest.xml:172:17-72
211            <intent-filter>
211-->src/main/AndroidManifest.xml:85:13-88:29
212                <action android:name="android.intent.action.MAIN" />
212-->src/main/AndroidManifest.xml:72:17-69
212-->src/main/AndroidManifest.xml:72:25-66
213
214                <category android:name="android.intent.category.SAMPLE_CODE" />
214-->src/main/AndroidManifest.xml:87:17-80
214-->src/main/AndroidManifest.xml:87:27-77
215            </intent-filter>
216        </activity>
217        <activity
217-->src/main/AndroidManifest.xml:179:9-186:20
218            android:name="com.example.android.apis.app.ActivityRecreate"
218-->src/main/AndroidManifest.xml:179:19-55
219            android:enabled="@bool/atLeastHoneycomb"
219-->src/main/AndroidManifest.xml:181:17-57
220            android:label="@string/activity_recreate" >
220-->src/main/AndroidManifest.xml:180:17-58
221            <intent-filter>
221-->src/main/AndroidManifest.xml:85:13-88:29
222                <action android:name="android.intent.action.MAIN" />
222-->src/main/AndroidManifest.xml:72:17-69
222-->src/main/AndroidManifest.xml:72:25-66
223
224                <category android:name="android.intent.category.SAMPLE_CODE" />
224-->src/main/AndroidManifest.xml:87:17-80
224-->src/main/AndroidManifest.xml:87:27-77
225            </intent-filter>
226        </activity>
227        <activity
227-->src/main/AndroidManifest.xml:188:9-196:20
228            android:name="com.example.android.apis.app.FinishAffinity"
228-->src/main/AndroidManifest.xml:188:19-53
229            android:enabled="@bool/atLeastJellyBean"
229-->src/main/AndroidManifest.xml:191:17-57
230            android:label="@string/activity_finish_affinity"
230-->src/main/AndroidManifest.xml:189:17-65
231            android:taskAffinity=":finishing" >
231-->src/main/AndroidManifest.xml:190:17-50
232            <intent-filter>
232-->src/main/AndroidManifest.xml:85:13-88:29
233                <action android:name="android.intent.action.MAIN" />
233-->src/main/AndroidManifest.xml:72:17-69
233-->src/main/AndroidManifest.xml:72:25-66
234
235                <category android:name="android.intent.category.SAMPLE_CODE" />
235-->src/main/AndroidManifest.xml:87:17-80
235-->src/main/AndroidManifest.xml:87:27-77
236            </intent-filter>
237        </activity>
238        <activity
238-->src/main/AndroidManifest.xml:198:9-204:20
239            android:name="com.example.android.apis.app.SoftInputModes"
239-->src/main/AndroidManifest.xml:198:19-53
240            android:label="@string/soft_input_modes" >
240-->src/main/AndroidManifest.xml:199:17-57
241            <intent-filter>
241-->src/main/AndroidManifest.xml:85:13-88:29
242                <action android:name="android.intent.action.MAIN" />
242-->src/main/AndroidManifest.xml:72:17-69
242-->src/main/AndroidManifest.xml:72:25-66
243
244                <category android:name="android.intent.category.SAMPLE_CODE" />
244-->src/main/AndroidManifest.xml:87:17-80
244-->src/main/AndroidManifest.xml:87:27-77
245            </intent-filter>
246        </activity>
247        <activity
247-->src/main/AndroidManifest.xml:206:9-211:20
248            android:name="com.example.android.apis.app.ReceiveResult"
248-->src/main/AndroidManifest.xml:206:19-52
249            android:label="@string/activity_receive_result" >
249-->src/main/AndroidManifest.xml:206:53-100
250            <intent-filter>
250-->src/main/AndroidManifest.xml:85:13-88:29
251                <action android:name="android.intent.action.MAIN" />
251-->src/main/AndroidManifest.xml:72:17-69
251-->src/main/AndroidManifest.xml:72:25-66
252
253                <category android:name="android.intent.category.SAMPLE_CODE" />
253-->src/main/AndroidManifest.xml:87:17-80
253-->src/main/AndroidManifest.xml:87:27-77
254            </intent-filter>
255        </activity>
256        <activity
256-->src/main/AndroidManifest.xml:213:9-215:20
257            android:name="com.example.android.apis.app.SendResult"
257-->src/main/AndroidManifest.xml:213:19-49
258            android:theme="@style/ThemeDialogWhenLarge" >
258-->src/main/AndroidManifest.xml:214:17-60
259        </activity>
260        <activity
260-->src/main/AndroidManifest.xml:217:9-222:20
261            android:name="com.example.android.apis.app.Forwarding"
261-->src/main/AndroidManifest.xml:217:19-49
262            android:label="@string/activity_forwarding" >
262-->src/main/AndroidManifest.xml:217:50-93
263            <intent-filter>
263-->src/main/AndroidManifest.xml:85:13-88:29
264                <action android:name="android.intent.action.MAIN" />
264-->src/main/AndroidManifest.xml:72:17-69
264-->src/main/AndroidManifest.xml:72:25-66
265
266                <category android:name="android.intent.category.SAMPLE_CODE" />
266-->src/main/AndroidManifest.xml:87:17-80
266-->src/main/AndroidManifest.xml:87:27-77
267            </intent-filter>
268        </activity>
269        <activity android:name="com.example.android.apis.app.ForwardTarget" >
269-->src/main/AndroidManifest.xml:224:9-225:20
269-->src/main/AndroidManifest.xml:224:19-52
270        </activity>
271        <activity
271-->src/main/AndroidManifest.xml:227:9-232:20
272            android:name="com.example.android.apis.app.RedirectEnter"
272-->src/main/AndroidManifest.xml:227:19-52
273            android:label="@string/activity_redirect" >
273-->src/main/AndroidManifest.xml:227:53-94
274            <intent-filter>
274-->src/main/AndroidManifest.xml:85:13-88:29
275                <action android:name="android.intent.action.MAIN" />
275-->src/main/AndroidManifest.xml:72:17-69
275-->src/main/AndroidManifest.xml:72:25-66
276
277                <category android:name="android.intent.category.SAMPLE_CODE" />
277-->src/main/AndroidManifest.xml:87:17-80
277-->src/main/AndroidManifest.xml:87:27-77
278            </intent-filter>
279        </activity>
280        <activity android:name="com.example.android.apis.app.RedirectMain" >
280-->src/main/AndroidManifest.xml:234:9-235:20
280-->src/main/AndroidManifest.xml:234:19-51
281        </activity>
282        <activity android:name="com.example.android.apis.app.RedirectGetter" >
282-->src/main/AndroidManifest.xml:237:9-238:20
282-->src/main/AndroidManifest.xml:237:19-53
283        </activity>
284
285        <!--
286             This sample doesn't work with the new action bar, so use
287             the old style theme.
288        -->
289        <activity
289-->src/main/AndroidManifest.xml:242:9-250:20
290            android:name="com.example.android.apis.app.CustomTitle"
290-->src/main/AndroidManifest.xml:242:19-50
291            android:label="@string/activity_custom_title"
291-->src/main/AndroidManifest.xml:243:17-62
292            android:theme="@android:style/Theme"
292-->src/main/AndroidManifest.xml:245:17-53
293            android:windowSoftInputMode="stateVisible|adjustPan" >
293-->src/main/AndroidManifest.xml:244:17-69
294            <intent-filter>
294-->src/main/AndroidManifest.xml:85:13-88:29
295                <action android:name="android.intent.action.MAIN" />
295-->src/main/AndroidManifest.xml:72:17-69
295-->src/main/AndroidManifest.xml:72:25-66
296
297                <category android:name="android.intent.category.SAMPLE_CODE" />
297-->src/main/AndroidManifest.xml:87:17-80
297-->src/main/AndroidManifest.xml:87:27-77
298            </intent-filter>
299        </activity>
300        <activity
300-->src/main/AndroidManifest.xml:252:9-258:20
301            android:name="com.example.android.apis.app.ReorderOnLaunch"
301-->src/main/AndroidManifest.xml:252:19-54
302            android:label="@string/activity_reorder" >
302-->src/main/AndroidManifest.xml:253:17-57
303            <intent-filter>
303-->src/main/AndroidManifest.xml:85:13-88:29
304                <action android:name="android.intent.action.MAIN" />
304-->src/main/AndroidManifest.xml:72:17-69
304-->src/main/AndroidManifest.xml:72:25-66
305
306                <category android:name="android.intent.category.SAMPLE_CODE" />
306-->src/main/AndroidManifest.xml:87:17-80
306-->src/main/AndroidManifest.xml:87:27-77
307            </intent-filter>
308        </activity>
309        <activity
309-->src/main/AndroidManifest.xml:260:9-267:20
310            android:name="com.example.android.apis.app.RotationAnimation"
310-->src/main/AndroidManifest.xml:260:19-56
311            android:label="@string/activity_rotation_animation"
311-->src/main/AndroidManifest.xml:261:17-68
312            android:rotationAnimation="crossfade" >
312-->src/main/AndroidManifest.xml:262:17-54
313            <intent-filter>
313-->src/main/AndroidManifest.xml:85:13-88:29
314                <action android:name="android.intent.action.MAIN" />
314-->src/main/AndroidManifest.xml:72:17-69
314-->src/main/AndroidManifest.xml:72:25-66
315
316                <category android:name="android.intent.category.SAMPLE_CODE" />
316-->src/main/AndroidManifest.xml:87:17-80
316-->src/main/AndroidManifest.xml:87:27-77
317            </intent-filter>
318        </activity>
319        <activity android:name="com.example.android.apis.app.ReorderTwo" />
319-->src/main/AndroidManifest.xml:269:9-52
319-->src/main/AndroidManifest.xml:269:19-49
320        <activity android:name="com.example.android.apis.app.ReorderThree" />
320-->src/main/AndroidManifest.xml:270:9-54
320-->src/main/AndroidManifest.xml:270:19-51
321        <activity android:name="com.example.android.apis.app.ReorderFour" />
321-->src/main/AndroidManifest.xml:271:9-53
321-->src/main/AndroidManifest.xml:271:19-50
322        <activity
322-->src/main/AndroidManifest.xml:273:9-279:20
323            android:name="com.example.android.apis.app.SetWallpaperActivity"
323-->src/main/AndroidManifest.xml:273:19-59
324            android:label="@string/activity_setwallpaper" >
324-->src/main/AndroidManifest.xml:274:19-64
325            <intent-filter>
325-->src/main/AndroidManifest.xml:85:13-88:29
326                <action android:name="android.intent.action.MAIN" />
326-->src/main/AndroidManifest.xml:72:17-69
326-->src/main/AndroidManifest.xml:72:25-66
327
328                <category android:name="android.intent.category.SAMPLE_CODE" />
328-->src/main/AndroidManifest.xml:87:17-80
328-->src/main/AndroidManifest.xml:87:27-77
329            </intent-filter>
330        </activity>
331        <activity
331-->src/main/AndroidManifest.xml:281:9-287:20
332            android:name="com.example.android.apis.app.ScreenOrientation"
332-->src/main/AndroidManifest.xml:281:19-56
333            android:label="@string/activity_screen_orientation" >
333-->src/main/AndroidManifest.xml:282:19-70
334            <intent-filter>
334-->src/main/AndroidManifest.xml:85:13-88:29
335                <action android:name="android.intent.action.MAIN" />
335-->src/main/AndroidManifest.xml:72:17-69
335-->src/main/AndroidManifest.xml:72:25-66
336
337                <category android:name="android.intent.category.SAMPLE_CODE" />
337-->src/main/AndroidManifest.xml:87:17-80
337-->src/main/AndroidManifest.xml:87:27-77
338            </intent-filter>
339        </activity>
340        <activity
340-->src/main/AndroidManifest.xml:289:9-295:20
341            android:name="com.example.android.apis.app.KeepClearRects"
341-->src/main/AndroidManifest.xml:289:19-53
342            android:label="@string/activity_keep_clear" >
342-->src/main/AndroidManifest.xml:290:13-56
343            <intent-filter>
343-->src/main/AndroidManifest.xml:85:13-88:29
344                <action android:name="android.intent.action.MAIN" />
344-->src/main/AndroidManifest.xml:72:17-69
344-->src/main/AndroidManifest.xml:72:25-66
345
346                <category android:name="android.intent.category.SAMPLE_CODE" />
346-->src/main/AndroidManifest.xml:87:17-80
346-->src/main/AndroidManifest.xml:87:27-77
347            </intent-filter>
348        </activity>
349        <activity
349-->src/main/AndroidManifest.xml:297:9-308:20
350            android:name="com.example.android.apis.app.PictureInPicture"
350-->src/main/AndroidManifest.xml:297:19-55
351            android:configChanges="screenSize|smallestScreenSize|screenLayout|orientation"
351-->src/main/AndroidManifest.xml:302:19-118
352            android:label="@string/activity_picture_in_picture"
352-->src/main/AndroidManifest.xml:298:19-70
353            android:resizeableActivity="true"
353-->src/main/AndroidManifest.xml:299:19-52
354            android:supportsPictureInPicture="true"
354-->src/main/AndroidManifest.xml:300:19-58
355            android:theme="@style/Theme.NoActionBar" >
355-->src/main/AndroidManifest.xml:301:19-59
356            <intent-filter>
356-->src/main/AndroidManifest.xml:85:13-88:29
357                <action android:name="android.intent.action.MAIN" />
357-->src/main/AndroidManifest.xml:72:17-69